<?xml version="1.0" encoding="UTF-8"?>
<testng-results ignored="0" total="2" passed="2" failed="0" skipped="0">
  <reporter-output>
    <line>
      <![CDATA[hello]]>
    </line>
    <line>
      <![CDATA[world]]>
    </line>
  </reporter-output>
  <suite started-at="2022-01-18T21:51:51 IST" name="Default suite" finished-at="2022-01-18T21:51:51 IST" duration-ms="76">
    <groups>
    </groups>
    <test started-at="2022-01-18T21:51:51 IST" name="Default test" finished-at="2022-01-18T21:51:51 IST" duration-ms="76">
      <class name="Niranjangowda.Sample1">
        <test-method signature="test1()[pri:0, instance:Niranjangowda.Sample1@61d6015a]" started-at="2022-01-18T21:51:51 IST" name="test1" finished-at="2022-01-18T21:51:51 IST" duration-ms="15" status="PASS">
          <reporter-output>
            <line>
              <![CDATA[hello]]>
            </line>
          </reporter-output>
        </test-method> <!-- test1 -->
        <test-method signature="test2()[pri:0, instance:Niranjangowda.Sample1@61d6015a]" started-at="2022-01-18T21:51:51 IST" name="test2" finished-at="2022-01-18T21:51:51 IST" duration-ms="2" status="PASS">
          <reporter-output>
            <line>
              <![CDATA[world]]>
            </line>
          </reporter-output>
        </test-method> <!-- test2 -->
      </class> <!-- Niranjangowda.Sample1 -->
    </test> <!-- Default test -->
  </suite> <!-- Default suite -->
</testng-results>
